<?xml version="1.0" encoding="utf-8"?><testsuites><testsuite name="pytest" errors="0" failures="0" skipped="0" tests="11" time="0.926" timestamp="2025-07-25T23:53:09.298511" hostname="GoodgooddeMacBook-Air.local"><testcase classname="tests.test_dataset_management.TestDatasetManager" name="test_add_dataset" time="0.004" /><testcase classname="tests.test_dataset_management.TestDatasetManager" name="test_analysis_record" time="0.002" /><testcase classname="tests.test_dataset_management.TestDatasetManager" name="test_current_dataset" time="0.002" /><testcase classname="tests.test_dataset_management.TestDatasetManager" name="test_dataset_statistics" time="0.002" /><testcase classname="tests.test_dataset_management.TestDatasetManager" name="test_duplicate_dataset" time="0.002" /><testcase classname="tests.test_dataset_management.TestDatasetManager" name="test_export_dataset_info" time="0.006" /><testcase classname="tests.test_dataset_management.TestDatasetManager" name="test_initialization" time="0.002" /><testcase classname="tests.test_dataset_management.TestDatasetManager" name="test_list_datasets" time="0.002" /><testcase classname="tests.test_dataset_management.TestDatasetManager" name="test_search_datasets" time="0.002" /><testcase classname="tests.test_dataset_management.TestDatasetManager" name="test_update_dataset" time="0.002" /><testcase classname="tests.test_dataset_management.TestDatasetInfo" name="test_dataset_info_creation" time="0.000" /></testsuite></testsuites>